[debug] [2026-02-06T15:08:15.898Z] ----------------------------------------------------------------------
[debug] [2026-02-06T15:08:15.901Z] Command:       C:\Users\ADMINI~1\AppData\Local\Temp\MICROS~1\53CCDA~1\firebase-tools-instant-win.exe C:\Users\Administrator\.cache\firebase\tools\lib\node_modules\firebase-tools\lib\bin\firebase init
[debug] [2026-02-06T15:08:15.902Z] CLI Version:   15.5.1
[debug] [2026-02-06T15:08:15.902Z] Platform:      win32
[debug] [2026-02-06T15:08:15.902Z] Node Version:  v20.18.2
[debug] [2026-02-06T15:08:15.902Z] Time:          Fri Feb 06 2026 20:08:15 GMT+0500 (Pakistan Standard Time)
[debug] [2026-02-06T15:08:15.902Z] ----------------------------------------------------------------------
[debug] 
[info] 
     ######## #### ########  ######## ########     ###     ######  ########
     ##        ##  ##     ## ##       ##     ##  ##   ##  ##       ##
     ######    ##  ########  ######   ########  #########  ######  ######
     ##        ##  ##    ##  ##       ##     ## ##     ##       ## ##
     ##       #### ##     ## ######## ########  ##     ##  ######  ########

You're about to initialize a Firebase project in this directory:

  C:\Users\Administrator\OneDrive\KT 2026 WEBSITE

[info] 
=== Project Setup
[info] 
[info] First, let's associate this project directory with a Firebase project.
[info] You can create multiple project aliases by running firebase use --add, 
[info] 
[debug] [2026-02-06T15:10:57.321Z] > command requires scopes: ["email","openid","https://www.googleapis.com/auth/cloudplatformprojects.readonly","https://www.googleapis.com/auth/firebase","https://www.googleapis.com/auth/cloud-platform"]
[debug] [2026-02-06T15:10:57.322Z] > authorizing via signed-in user (tahir.razavi@gmail.com)
[debug] [2026-02-06T15:10:57.325Z] Checked if tokens are valid: true, expires at: 1770393944474
[debug] [2026-02-06T15:10:57.325Z] Checked if tokens are valid: true, expires at: 1770393944474
[debug] [2026-02-06T15:10:57.329Z] >>> [apiv2][query] GET https://firebase.googleapis.com/v1beta1/projects pageSize=100
[debug] [2026-02-06T15:10:58.250Z] <<< [apiv2][status] GET https://firebase.googleapis.com/v1beta1/projects 200
[debug] [2026-02-06T15:10:58.251Z] <<< [apiv2][body] GET https://firebase.googleapis.com/v1beta1/projects [omitted]
[info] 
=== Hosting Setup
[debug] [2026-02-06T15:11:00.890Z] Checked if tokens are valid: true, expires at: 1770393944474
[debug] [2026-02-06T15:11:00.891Z] Checked if tokens are valid: true, expires at: 1770393944474
[debug] [2026-02-06T15:11:00.891Z] >>> [apiv2][query] GET https://firebase.googleapis.com/v1beta1/projects/khyber-traders [none]
[debug] [2026-02-06T15:11:01.333Z] <<< [apiv2][status] GET https://firebase.googleapis.com/v1beta1/projects/khyber-traders 200
[debug] [2026-02-06T15:11:01.334Z] <<< [apiv2][body] GET https://firebase.googleapis.com/v1beta1/projects/khyber-traders {"projectId":"khyber-traders","projectNumber":"292355832428","displayName":"khyber-traders","name":"projects/khyber-traders","resources":{"hostingSite":"khyber-traders"},"state":"ACTIVE","etag":"1_a7478f50-84b1-4e48-8e19-c5631dd02ec8"}
[info] 
[info] Your public directory is the folder (relative to your project directory) that
[info] will contain Hosting assets to be uploaded with firebase deploy. If you
[info] have a build process for your assets, use your build's output directory.
[info] 
[info] 
[info] i  Didn't detect a .git folder. Assuming C:\Users\Administrator\OneDrive\KT 2026 WEBSITE is the project root. 
[info] i  Authorizing with GitHub to upload your service account to a GitHub repository's secrets store. 
[info] 
[info] Visit this URL on this device to log in:
[info] https://github.com/login/oauth/authorize?client_id=89cf50f02ac6aaed3484&state=892942808&redirect_uri=http%3A%2F%2Flocalhost%3A9005&scope=read%3Auser%20repo%20public_repo
[info] 
[info] Waiting for authentication...
[debug] [2026-02-06T15:16:00.346Z] >>> [apiv2][query] POST https://github.com/login/oauth/access_token [none]
[debug] [2026-02-06T15:16:00.346Z] >>> [apiv2][body] POST https://github.com/login/oauth/access_token [stream]
[debug] [2026-02-06T15:16:01.785Z] <<< [apiv2][status] POST https://github.com/login/oauth/access_token 200
[debug] [2026-02-06T15:16:01.786Z] <<< [apiv2][body] POST https://github.com/login/oauth/access_token {"access_token":"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","token_type":"bearer","scope":"read:user,repo"}
[debug] [2026-02-06T15:16:01.793Z] >>> [apiv2][query] GET https://api.github.com/user [none]
[debug] [2026-02-06T15:16:02.587Z] <<< [apiv2][status] GET https://api.github.com/user 200
[debug] [2026-02-06T15:16:02.588Z] <<< [apiv2][body] GET https://api.github.com/user {"login":"TahirQadri88","id":244247893,"node_id":"U_kgDODo7tVQ","avatar_url":"https://avatars.githubusercontent.com/u/244247893?v=4","gravatar_id":"","url":"https://api.github.com/users/TahirQadri88","html_url":"https://github.com/TahirQadri88","followers_url":"https://api.github.com/users/TahirQadri88/followers","following_url":"https://api.github.com/users/TahirQadri88/following{/other_user}","gists_url":"https://api.github.com/users/TahirQadri88/gists{/gist_id}","starred_url":"https://api.github.com/users/TahirQadri88/starred{/owner}{/repo}","subscriptions_url":"https://api.github.com/users/TahirQadri88/subscriptions","organizations_url":"https://api.github.com/users/TahirQadri88/orgs","repos_url":"https://api.github.com/users/TahirQadri88/repos","events_url":"https://api.github.com/users/TahirQadri88/events{/privacy}","received_events_url":"https://api.github.com/users/TahirQadri88/received_events","type":"User","user_view_type":"private","site_admin":false,"name":null,"company":null,"blog":"","location":null,"email":null,"hireable":null,"bio":null,"twitter_username":null,"notification_email":null,"public_repos":3,"public_gists":0,"followers":0,"following":1,"created_at":"2025-11-15T22:34:19Z","updated_at":"2026-02-06T15:14:08Z","private_gists":0,"total_private_repos":1,"owned_private_repos":1,"disk_usage":301,"collaborators":0,"two_factor_authentication":false,"plan":{"name":"free","space":976562499,"collaborators":0,"private_repos":10000}}
[info] 
[info] +  Success! Logged into GitHub as TahirQadri88 
[info] 
